<?xml version="1.0" encoding="UTF-8"?>
<!-- Generated by org.testng.reporters.JUnitReportReporter -->
<testsuite hostname="DESKTOP-SDTTHCU" failures="0" tests="2" name="AppiumTest" time="0.008" errors="0" timestamp="2021-02-08T16:26:53 IST" skipped="0">
  <testcase classname="AppiumTest" name="IOSApps" time="0.000"/>
  <system-out/>
  <testcase classname="AppiumTest" name="NativeAppAndroid" time="0.008"/>
  <system-out/>
</testsuite> <!-- AppiumTest -->
