<?xml version="1.0" encoding="UTF-8"?>
<!-- Generated by org.testng.reporters.JUnitReportReporter -->
<testsuite hostname="DESKTOP-SDTTHCU" failures="0" tests="2" name="SeleniumJava" time="0.016" errors="0" timestamp="2021-02-08T16:26:53 IST" skipped="0">
  <testcase classname="SeleniumJava" name="BrowersAutomation" time="0.016"/>
  <system-out/>
  <testcase classname="SeleniumJava" name="elementsUi" time="0.000"/>
  <system-out/>
</testsuite> <!-- SeleniumJava -->
